<?xml version="1.0" encoding="utf-8"?>
<Database>
  <Record>
    <Key>5</Key>
    <Value>
      <name>Christ</name>
      <descr>Name of the college</descr>
      <timeStamp>09/27/2015 5:29:43 PM</timeStamp>
      <children>
        <child>6</child>
      </children>
      <payload>College is in India</payload>
    </Value>
  </Record>
  <Record>
    <Key>6</Key>
    <Value>
      <name>Great Wall</name>
      <descr>Wonder of the world</descr>
      <timeStamp>09/27/2015 5:29:43 PM</timeStamp>
      <children>
        <child>5</child>
      </children>
      <payload>Great wall of china</payload>
    </Value>
  </Record>
</Database>